<?xml version="1.0" encoding="UTF-8"?>
<!-- Generated by org.testng.reporters.JUnitReportReporter -->
<testsuite skipped="0" hostname="Manish-PC" name="com.qa.tests.GetAPITest" tests="1" failures="0" timestamp="30 Nov 2018 17:55:14 GMT" time="2.459" errors="0">
  <testcase name="getTest" time="2.459" classname="com.qa.tests.GetAPITest"/>
</testsuite> <!-- com.qa.tests.GetAPITest -->
